Arguments: 
  /home/darksied/.nvm/versions/node/v17.1.0/bin/node /home/darksied/.nvm/versions/node/v17.1.0/bin/yarn build:css --watch

PATH: 
  /home/darksied/.nix-profile/bin:/home/darksied/.local/bin:/home/darksied/.gem/ruby/2.7.5/bin:/home/darksied/.rubies/ruby-2.7.5/lib/ruby/gems/2.7.0/bin:/home/darksied/.rubies/ruby-2.7.5/bin:/home/darksied/.nvm/versions/node/v17.1.0/bin:/home/darksied/.cargo/bin:/usr/local/bin:/usr/bin:/bin:/usr/local/games:/usr/games:/snap/bin

Yarn version: 
  1.22.17

Node version: 
  17.1.0

Platform: 
  linux x64

Trace: 
  SyntaxError: /home/darksied/dev/rrr/docspot/package.json: Unexpected string in JSON at position 247
      at JSON.parse (<anonymous>)
      at /home/darksied/.nvm/versions/node/v17.1.0/lib/node_modules/yarn/lib/cli.js:1625:59
      at Generator.next (<anonymous>)
      at step (/home/darksied/.nvm/versions/node/v17.1.0/lib/node_modules/yarn/lib/cli.js:310:30)
      at /home/darksied/.nvm/versions/node/v17.1.0/lib/node_modules/yarn/lib/cli.js:321:13

npm manifest: 
  {
    "name": "app",
    "private": "true",
    "scripts": {
      "build": "esbuild app/javascript/*.* --bundle --sourcemap --outdir=app/assets/builds",
      "build:homepage": "cp ./app/assets/stylesheets/homepage.css ./app/assets/build/homepage.css"
      "build:css": "tailwindcss --postcss -i ./app/assets/stylesheets/application.tailwind.css -o ./app/assets/builds/application.css"
    },
    "devDependencies": {
      "autoprefixer": "^10.4.1",
      "esbuild": "^0.14.9",
      "postcss-import": "^14.0.2",
      "tailwindcss": "^3.0.8"
    }
  }

yarn manifest: 
  No manifest

Lockfile: 
  No lockfile
